<?xml version="1.0" encoding="UTF-8"?>
<!-- Generated by org.testng.reporters.JUnitXMLReporter -->
<testsuite ignored="0" hostname="Dirash10" failures="1" tests="2" name="Error validation Test" time="11.29" errors="0" timestamp="2024-10-16T15:48:23 IST">
  <testcase classname="Dirash_Company.Ecommerce_Framework.ErrorValidations" name="submitOrder" time="0.788">
    <skipped/>
  </testcase> <!-- submitOrder -->
  <testcase classname="Dirash_Company.Ecommerce_Framework.ErrorValidations" name="submitOrder" time="1.374">
    <failure type="java.lang.AssertionError" message="expected [Incorrect email or password.] but found [Incorrect email or password]">
      <![CDATA[java.lang.AssertionError: expected [Incorrect email or password.] but found [Incorrect email or password]
at Dirash_Company.Ecommerce_Framework.ErrorValidations.submitOrder(ErrorValidations.java:22)
at java.base/java.util.ArrayList.forEach(ArrayList.java:1596)
at java.base/java.util.concurrent.FutureTask.run(FutureTask.java:317)
at java.base/java.util.concurrent.ThreadPoolExecutor.runWorker(ThreadPoolExecutor.java:1144)
at java.base/java.util.concurrent.ThreadPoolExecutor$Worker.run(ThreadPoolExecutor.java:642)
at java.base/java.lang.Thread.run(Thread.java:1583)
... Removed 22 stack frames]]>
    </failure>
  </testcase> <!-- submitOrder -->
</testsuite> <!-- Error validation Test -->
